0.0000
1.6375
ERROR: Assertion failed
ERROR: Assertion failed
0.0000
1.0000
-3.6116
-0.0803
-3.6116
-0.6321
0.0000
1.0000
ERROR: Assertion failed
ERROR: Assertion failed
-0.0803
-3.6116
ERROR: Placeholder missing
-4.9448
1.6375
-0.0869
-0.0803
ERROR: Assertion failed
-3.6116
1.6375
0.0000
ERROR: Assertion failed
-3.3391
-3.3391
1.0000
-3.3391
-3.6116
ERROR: Placeholder missing
ERROR: Assertion failed
1.0000
ERROR: Assertion failed
-5.1112
ERROR: Placeholder missing
1.0000
-6.1590
1.0000
1.7551
-5.3474
ERROR: Assertion failed
-5.7269
-0.7943
1.0000
-3.6116
0.5663
0.0000
0.8806
ERROR: Assertion failed
-0.0803
-3.6116
1.0000
-3.0202
-3.1981
0.0000
ERROR: Placeholder missing
ERROR: Assertion failed
-3.6369
-3.3768
-6.7474
0.0000
1.0000
