ERROR: Assertion failed|||
-------------------------
-------------------------
0.0000
-------------------------
ERROR: Assertion failed|||ERROR: Assertion failed|||ERROR: Assertion failed|||ERROR: Assertion failed|||ERROR: Assertion failed|||ERROR: Assertion failed|||
-------------------------
-0.0000
-------------------------
ERROR: Assertion failed|||
-------------------------
-2.5053
-------------------------
-------------------------
0.4140
-------------------------
-------------------------
0.4140
-------------------------
0.0000
-------------------------
ERROR: Assertion failed|||ERROR: Assertion failed|||ERROR: Assertion failed|||
-------------------------
-1.1093
-------------------------
-5.9471
-------------------------
-------------------------
-0.0000
-------------------------
-1.1503
-------------------------
-1.1503
-------------------------
ERROR: Assertion failed|||ERROR: Assertion failed|||ERROR: Assertion failed|||ERROR: Assertion failed|||
-------------------------
0.0000
-------------------------
ERROR: Assertion failed|||ERROR: Assertion failed|||
-------------------------
-------------------------
-1.1093
-------------------------
-------------------------
0.5244
-------------------------
-------------------------
-------------------------
-------------------------
-------------------------
ERROR: Assertion failed|||ERROR: Assertion failed|||ERROR: Assertion failed|||
-------------------------
ERROR: Assertion failed|||
-------------------------
-------------------------
-6.7290
-------------------------
-------------------------
ERROR: Assertion failed|||ERROR: Assertion failed|||ERROR: Assertion failed|||ERROR: Assertion failed|||ERROR: Assertion failed|||
-------------------------
0.0000
-------------------------
1.2723
-------------------------
ERROR: Assertion failed|||ERROR: Assertion failed|||ERROR: Assertion failed|||
-------------------------
1.2723
-------------------------
-------------------------
0.0000
-------------------------
0.0000
-------------------------
ERROR: Assertion failed|||ERROR: Assertion failed|||ERROR: Assertion failed|||ERROR: Assertion failed|||
-------------------------
0.4140
-------------------------
-7.8527
-------------------------
-1.1093
-------------------------
0.9862
-------------------------
0.0000
-------------------------
ERROR: Assertion failed|||ERROR: Assertion failed|||ERROR: Assertion failed|||ERROR: Assertion failed|||ERROR: Assertion failed|||
-------------------------
ERROR: Assertion failed|||ERROR: Assertion failed|||ERROR: Assertion failed|||ERROR: Assertion failed|||ERROR: Assertion failed|||
-------------------------
ERROR: Assertion failed|||ERROR: Assertion failed|||ERROR: Assertion failed|||
-------------------------
0.4140
-------------------------
0.0000
-------------------------
0.0000
-------------------------
ERROR: Assertion failed|||ERROR: Assertion failed|||ERROR: Assertion failed|||
-------------------------
