1.0000
-------------------------
-------------------------
-------------------------
0.2957
-------------------------
-------------------------
0.0000
-------------------------
1.0000
-------------------------
-2.7199
-------------------------
-2.7199
-------------------------
0.0000
-------------------------
0.0000
-------------------------
-------------------------
0.0000
-------------------------
1.0000
-------------------------
1.0000
-------------------------
-------------------------
-------------------------
-2.7433
-------------------------
ERROR: Placeholder missing|||
-------------------------
-------------------------
1.0000
-------------------------
0.0000
-------------------------
-2.1946
-------------------------
-6.0943
-------------------------
1.0000
-------------------------
1.0000
-------------------------
-------------------------
1.0000
-------------------------
0.0000
-------------------------
1.0000
-------------------------
1.0000
-------------------------
1.0000
-------------------------
1.0000
-------------------------
-------------------------
-------------------------
1.0000
-------------------------
ERROR: Placeholder missing
-------------------------
0.0000
-------------------------
0.0000
-------------------------
1.0000
-------------------------
0.0000
-------------------------
-------------------------
-------------------------
1.0000
-------------------------
1.0000
-------------------------
1.0000
-------------------------
1.0000
-------------------------
1.0000
-------------------------
-6.1635
-------------------------
-------------------------
44.0228
-------------------------
-------------------------
1.0000
-------------------------
