0.8760
-7.3320
0.8760
0.8760
1.0000
1.0000
0.8760
0.0000
0.7520
0.7520
-0.1240
-0.1240
2.0000
0.8760
0.7520
1.0000
0.7520
2.0000
1.0000
0.8760
ERROR: Placeholder missing
1.0000
0.0000
1.0000
0.8760
1.0000
1.0000
1.0000
1.0000
0.0000
0.0000
-0.1357
-2.9043
-1.4597
1.0000
0.0000
0.0000
-4.0891
0.0000
0.0000
1.0000
0.0000
0.0000
ERROR: Placeholder missing
1.0000
2.0000
1.0000
2.0000
-0.8740
2.0000
2.0000
1.0000
2.0000
1.0000
0.0000
-1.2270
2.0000
1.0000
1.1030
2.0000
1.0000
2.0000
2.0000
1.0000
0.6919
0.0000
2.0000
1.0000
1.0000
1.0000
2.0000
1.0000
2.0000
-4.5860
