1.0000
1.0000
-5.5322
-1.7586
1.0000
0.0000
1.0000
1.0000
-1.7586
0.0000
0.0000
1.0000
1.7031
0.0000
ERROR: Placeholder missing
1.0000
-1.7586
1.0000
-2.7958
1.0000
-4.1430
1.4394
-3.2240
-13.0122
1.0000
1.0000
1.0000
0.0000
-1.7550
-2.2314
-7.0683
1.0000
3.0000
1.0000
1.0000
-1.7586
ERROR: Placeholder missing
-1.7586
-3.2611
-17.2979
-1.7586
ERROR: Placeholder missing
-7.7373
-19.2829
1.0000
-4.1251
1.0000
1.0000
-1.7586
0.2560
0.0000
1.0000
-7.2174
1.0000
1.0000
1.0000
1.0000
1.0000
1.0000
1.0000
1.0000
0.0000
0.0000
-7.4258
1.0000
1.0000
1.0000
1.0000
0.0000
-1.7586
