ERROR: Assertion failed|||ERROR: LOG operator's input must be positive|||ERROR: Assertion failed|||
-------------------------
3.0404
-------------------------
ERROR: Assertion failed|||
-------------------------
0.8365
-------------------------
-------------------------
0.0000
-------------------------
ERROR: Assertion failed|||ERROR: Assertion failed|||ERROR: Assertion failed|||
-------------------------
-------------------------
ERROR: Assertion failed|||
-------------------------
-0.3724
-------------------------
0.0000
-------------------------
ERROR: Assertion failed|||ERROR: Assertion failed|||ERROR: Assertion failed|||
-------------------------
0.1644
-------------------------
-------------------------
-1.0000
-------------------------
ERROR: Assertion failed|||
-------------------------
ERROR: Assertion failed|||
-------------------------
0.8365
-------------------------
0.0000
-------------------------
0.0000
-------------------------
ERROR: Assertion failed|||
-------------------------
ERROR: LOG operator's input must be positive|||
-------------------------
0.0000
-------------------------
-------------------------
0.0000
-------------------------
ERROR: Assertion failed|||
-------------------------
ERROR: Assertion failed|||ERROR: Assertion failed|||
-------------------------
ERROR: Assertion failed|||
-------------------------
ERROR: Assertion failed|||ERROR: Assertion failed|||
-------------------------
0.0000
-------------------------
ERROR: Placeholder missing
-------------------------
ERROR: LOG operator's input must be positive|||ERROR: LOG operator's input must be positive|||ERROR: LOG operator's input must be positive|||ERROR: LOG operator's input must be positive|||
-------------------------
ERROR: Assertion failed|||ERROR: Assertion failed|||
-------------------------
0.0000
-------------------------
ERROR: Assertion failed|||ERROR: LOG operator's input must be positive|||ERROR: Assertion failed|||
-------------------------
ERROR: Assertion failed|||
-------------------------
-------------------------
ERROR: Assertion failed|||
-------------------------
-0.3789
-------------------------
0.0000
-------------------------
ERROR: Assertion failed|||
-------------------------
-------------------------
0.0000
-------------------------
ERROR: Assertion failed|||ERROR: LOG operator's input must be positive|||ERROR: Assertion failed|||
-------------------------
-0.5893
-------------------------
ERROR: Assertion failed|||
-------------------------
0.1644
-------------------------
ERROR: Assertion failed|||ERROR: Assertion failed|||ERROR: Assertion failed|||
-------------------------
0.0000
-------------------------
ERROR: Assertion failed|||
-------------------------
-------------------------
ERROR: Assertion failed|||ERROR: Assertion failed|||ERROR: Assertion failed|||
-------------------------
ERROR: Assertion failed|||
-------------------------
0.1644
-------------------------
0.1644
-------------------------
ERROR: Assertion failed|||
-------------------------
0.0000
-------------------------
ERROR: LOG operator's input must be positive|||ERROR: LOG operator's input must be positive|||ERROR: LOG operator's input must be positive|||
-------------------------
ERROR: Assertion failed|||ERROR: Assertion failed|||
-------------------------
-1.0000
-------------------------
-------------------------
ERROR: Assertion failed|||ERROR: Assertion failed|||ERROR: Assertion failed|||
-------------------------
ERROR: Placeholder missing
-------------------------
0.0000
-------------------------
0.0000
-------------------------
ERROR: Assertion failed|||ERROR: Assertion failed|||ERROR: Assertion failed|||
-------------------------
-------------------------
-4.7720
-------------------------
0.0000
-------------------------
ERROR: LOG operator's input must be positive|||ERROR: LOG operator's input must be positive|||ERROR: LOG operator's input must be positive|||ERROR: LOG operator's input must be positive|||
-------------------------
-------------------------
ERROR: Assertion failed|||
-------------------------
ERROR: Assertion failed|||
-------------------------
2.7183
-------------------------
0.0000
-------------------------
0.2235
-------------------------
0.0000
-------------------------
1.0000
-------------------------
0.0000
-------------------------
ERROR: LOG operator's input must be positive|||ERROR: LOG operator's input must be positive|||ERROR: LOG operator's input must be positive|||ERROR: LOG operator's input must be positive|||
-------------------------
-------------------------
PRINT operator: e = 0.0000
0.8365
-------------------------
-3.2046
-------------------------
-------------------------
0.0000
-------------------------
2.7183
-------------------------
