-0.5910
-6.8438
ERROR: Assertion failed
ERROR: Assertion failed
ERROR: Assertion failed
ERROR: Assertion failed
ERROR: Assertion failed
ERROR: Assertion failed
ERROR: Assertion failed
ERROR: Assertion failed
ERROR: Assertion failed
ERROR: Assertion failed
-6.8438
ERROR: Assertion failed
ERROR: Assertion failed
ERROR: Assertion failed
ERROR: Assertion failed
ERROR: Assertion failed
ERROR: Assertion failed
ERROR: Assertion failed
ERROR: Assertion failed
-0.5344
ERROR: Assertion failed
ERROR: Assertion failed
ERROR: Assertion failed
ERROR: Assertion failed
ERROR: Assertion failed
ERROR: LOG operator's input must be positive
-7.4320
-7.4320
-6.8438
ERROR: Assertion failed
ERROR: Assertion failed
ERROR: LOG operator's input must be positive
ERROR: Assertion failed
-7.4320
ERROR: Assertion failed
ERROR: Assertion failed
-6.8438
0.0000
ERROR: Assertion failed
ERROR: Assertion failed
ERROR: Assertion failed
-6.7196
ERROR: Assertion failed
ERROR: Assertion failed
-7.4320
1.6001
ERROR: Assertion failed
ERROR: Assertion failed
ERROR: Placeholder missing
ERROR: Assertion failed
-0.5910
-0.5910
ERROR: Assertion failed
ERROR: Assertion failed
0.0000
-0.5344
ERROR: Assertion failed
-0.5344
ERROR: Assertion failed
-6.8438
-6.7212
ERROR: Assertion failed
ERROR: Assertion failed
ERROR: LOG operator's input must be positive
ERROR: Assertion failed
