-7.9557
1.4241
-0.0078
-6.8011
-0.4951
1.4241
0.0000
-6.8011
-0.0000
PRINT operator: ck = -0.4951
-0.4951
PRINT operator: s = -6.8011
0.0011
-7.0074
-6.8011
1.4241
-0.0078
PRINT operator: ck = -0.4951
-0.4951
-0.4951
-6.9941
-0.0078
0.5003
0.0000
ERROR: Assertion failed
1.4241
-6.8011
0.0000
0.0000
0.0000
ERROR: Assertion failed
-4.2634
0.6303
-6.9941
-6.8011
-0.6525
ERROR: Assertion failed
ERROR: LOG operator's input must be positive
0.0000
-0.0000
ERROR: Assertion failed
ERROR: Assertion failed
-7.3751
-6.8011
ERROR: Placeholder missing
-0.6525
-0.0078
ERROR: Assertion failed
-0.6525
-0.6525
-6.8011
-0.0078
-3.6571
