ERROR: LOG operator's input must be positive
ERROR: LOG operator's input must be positive
ERROR: Placeholder missing
ERROR: LOG operator's input must be positive
ERROR: Assertion failed
ERROR: Assertion failed
-0.9987
ERROR: Assertion failed
-1.2017
ERROR: Assertion failed
-4.4643
-1.3857
-5.5272
ERROR: Assertion failed
PRINT operator: lsm = -5.2464
-5.2464
ERROR: Assertion failed
ERROR: LOG operator's input must be positive
-5.3456
-0.9987
-1.1148
ERROR: Assertion failed
ERROR: Assertion failed
ERROR: LOG operator's input must be positive
ERROR: LOG operator's input must be positive
0.0000
ERROR: LOG operator's input must be positive
-1.0000
-0.9987
-0.9987
ERROR: Assertion failed
-5.4672
ERROR: Assertion failed
0.0837
ERROR: LOG operator's input must be positive
ERROR: Assertion failed
ERROR: Assertion failed
ERROR: Assertion failed
-0.2688
-0.9987
ERROR: Assertion failed
-0.9958
-7.5060
PRINT operator: s = 0.2692
0.2692
-0.2688
ERROR: LOG operator's input must be positive
ERROR: LOG operator's input must be positive
ERROR: Assertion failed
0.0000
ERROR: LOG operator's input must be positive
-0.1998
-0.1998
ERROR: Assertion failed
ERROR: Assertion failed
ERROR: LOG operator's input must be positive
PRINT operator: s = 0.2001
0.2001
