ERROR: Placeholder missing
ERROR: Placeholder missing
ERROR: LOG operator's input must be positive
2.6858
ERROR: Placeholder missing
ERROR: Assertion failed
0.2761
-0.0126
ERROR: LOG operator's input must be positive
ERROR: Placeholder missing
ERROR: Assertion failed
ERROR: Assertion failed
0.9316
ERROR: Assertion failed
-6.0034
ERROR: Assertion failed
ERROR: Assertion failed
ERROR: Assertion failed
2.2097
0.0000
-0.0126
ERROR: LOG operator's input must be positive
2.7093
ERROR: Placeholder missing
ERROR: Assertion failed
ERROR: Assertion failed
PRINT operator: g = 0.0000
0.0000
ERROR: Placeholder missing
0.0000
ERROR: Assertion failed
-4.1878
-7.2032
ERROR: Placeholder missing
-2.1230
0.7124
ERROR: Assertion failed
PRINT operator: g = 0.0000
0.0000
1.1416
0.0000
-4.8126
ERROR: LOG operator's input must be positive
ERROR: Assertion failed
2.4645
-1.0000
ERROR: Assertion failed
1.8029
ERROR: Assertion failed
ERROR: Assertion failed
PRINT operator: ogm = 0.5799
-1.1751
ERROR: Assertion failed
-1.0000
ERROR: Placeholder missing
ERROR: Placeholder missing
0.0000
PRINT operator: g = 0.0000
0.0000
-5.8218
-5.4353
-1.4345
-0.8415
0.0000
ERROR: Placeholder missing
-4.2414
ERROR: LOG operator's input must be positive
ERROR: Assertion failed
-3.7596
-5.3794
PRINT operator: ogm = 0.0029
0.0029
ERROR: Placeholder missing
0.8297
ERROR: Assertion failed
-1.4345
0.0000
-1.0000
